Loading gcc/12.2.0
  Loading requirement: zlib-ng/2.1.6-jkgunjc zstd/1.5.6-uq5yyux binutils/2.42
Loading netcdf-c/4.9.2--openmpi--4.1.6--gcc--12.2.0-spack0.22
  Loading requirement: bzip2/1.0.8-ib3znej glibc/2.28--gcc--12.2.0-gi6mmti
    gcc-runtime/12.2.0--gcc--12.2.0-dqfwf7y lz4/1.9.4--gcc--12.2.0-dcavnmi
    snappy/1.1.10--gcc--12.2.0-gagtosp c-blosc/1.21.5--gcc--12.2.0-buk7w2l
    numactl/2.0.14--gcc--12.2.0-cxzp4ci libiconv/1.17-nhc3mhm xz/5.4.6-xxxg42c
    libxml2/2.10.3-zbbe7lm ncurses/6.5-svfl57u pigz/2.8-5bwzpml tar/1.34-jgektnv
    gettext/0.22.5-hsxgafg krb5/1.20.1-n4kmebh libedit/3.1-20230828-nme7boz
    libxcrypt/4.4.35-7om46b5 openssh/9.7p1-tk2b5yv
    openmpi/4.1.6--gcc--12.2.0-cuda-12.2 pkgconf/2.2.0
    hdf5/1.14.3--openmpi--4.1.6--gcc--12.2.0-spack0.22
    libaec/1.0.6--gcc--12.2.0-blqbmai
    parallel-netcdf/1.12.3--openmpi--4.1.6--gcc--12.2.0-spack0.22
rm -f *.o *.mod model *.nc
gfortran -Ofast -I../source `nf-config --fflags` -fPIC -c ../source/module_parameters.f90 -o module_parameters.o
gfortran -Ofast -I../source `nf-config --fflags` -fPIC -c ../source/module_types.F90 -o module_types.o
gfortran -Ofast -I../source `nf-config --fflags` -fPIC -c ../source/module_physics.f90 -o module_physics.o
gfortran -Ofast -I../source `nf-config --fflags` -fPIC -c ../source/module_output.F90 -o module_output.o
gfortran -Ofast -I../source `nf-config --fflags` -fPIC ../source/model.f90 module_parameters.o module_types.o module_physics.o module_output.o -o model -L`nc-config --libdir` `nf-config --flibs`
 SIMPLE ATMOSPHERIC MODEL STARTING.
 INITIALIZING MODEL STATUS.
 nx         :          400
 nz         :          200
 dx         :    50.000000000000000     
 dz         :    50.000000000000000     
 dt         :   0.16666666666666666     
 final time :    1000.0000000000000     
 MODEL STATUS INITIALIZED.
 TIME PERCENT :  0%
 TIME PERCENT : 10%
 TIME PERCENT : 20%
 TIME PERCENT : 30%
 TIME PERCENT : 40%
 TIME PERCENT : 50%
 TIME PERCENT : 60%
 TIME PERCENT : 70%
 TIME PERCENT : 80%
 TIME PERCENT : 90%
 ----------------- Atmosphere check ----------------
 Fractional Delta Mass  :    0.0000000000000000     
 Fractional Delta Energy:    1.1896204747710785E-004
 ---------------------------------------------------
 SIMPLE ATMOSPHERIC MODEL RUN COMPLETED.
 USED CPU TIME:    176.71542365600001     

nx = 400
sim_time = 1000.0
